<?xml version="1.0" encoding="UTF-8"?>
<testsuite xmlns:xsi="http://www.w3.org/2001/XMLSchema-instance" xsi:noNamespaceSchemaLocation="https://maven.apache.org/surefire/maven-surefire-plugin/xsd/surefire-test-report.xsd" name="com.zalinius.physics.collisions.CollisionTest" time="0.036" tests="28" errors="0" skipped="0" failures="0">
  <properties>
    <property name="sun.desktop" value="windows"/>
    <property name="awt.toolkit" value="sun.awt.windows.WToolkit"/>
    <property name="file.encoding.pkg" value="sun.io"/>
    <property name="java.specification.version" value="1.8"/>
    <property name="sun.cpu.isalist" value="amd64"/>
    <property name="sun.jnu.encoding" value="Cp1252"/>
    <property name="java.class.path" value="C:\Users\Zach\Documents\GameDev\ZJE\target\test-classes;C:\Users\Zach\Documents\GameDev\ZJE\target\classes;C:\Users\Zach\.m2\repository\org\junit\jupiter\junit-jupiter-api\5.4.0\junit-jupiter-api-5.4.0.jar;C:\Users\Zach\.m2\repository\org\apiguardian\apiguardian-api\1.0.0\apiguardian-api-1.0.0.jar;C:\Users\Zach\.m2\repository\org\opentest4j\opentest4j\1.1.1\opentest4j-1.1.1.jar;C:\Users\Zach\.m2\repository\org\junit\platform\junit-platform-commons\1.4.0\junit-platform-commons-1.4.0.jar;C:\Users\Zach\.m2\repository\org\junit\jupiter\junit-jupiter-engine\5.4.0\junit-jupiter-engine-5.4.0.jar;C:\Users\Zach\.m2\repository\org\junit\platform\junit-platform-engine\1.4.0\junit-platform-engine-1.4.0.jar;C:\Users\Zach\.m2\repository\net\java\jinput\jinput\2.0.9\jinput-2.0.9.jar;C:\Users\Zach\.m2\repository\net\java\jinput\jinput\2.0.9\jinput-2.0.9-natives-all.jar;"/>
    <property name="java.vm.vendor" value="Oracle Corporation"/>
    <property name="sun.arch.data.model" value="64"/>
    <property name="user.variant" value=""/>
    <property name="java.vendor.url" value="http://java.oracle.com/"/>
    <property name="user.timezone" value="America/New_York"/>
    <property name="java.vm.specification.version" value="1.8"/>
    <property name="os.name" value="Windows 10"/>
    <property name="user.country" value="CA"/>
    <property name="sun.java.launcher" value="SUN_STANDARD"/>
    <property name="sun.boot.library.path" value="C:\Program Files\Java\jdk1.8.0_181\jre\bin"/>
    <property name="sun.java.command" value="C:\Users\Zach\AppData\Local\Temp\surefire5742962961026899053\surefirebooter7358267946493447148.jar C:\Users\Zach\AppData\Local\Temp\surefire5742962961026899053 2019-03-23T17-18-13_498-jvmRun1 surefire952958200115965044tmp surefire_01803903271984033451tmp"/>
    <property name="surefire.test.class.path" value="C:\Users\Zach\Documents\GameDev\ZJE\target\test-classes;C:\Users\Zach\Documents\GameDev\ZJE\target\classes;C:\Users\Zach\.m2\repository\org\junit\jupiter\junit-jupiter-api\5.4.0\junit-jupiter-api-5.4.0.jar;C:\Users\Zach\.m2\repository\org\apiguardian\apiguardian-api\1.0.0\apiguardian-api-1.0.0.jar;C:\Users\Zach\.m2\repository\org\opentest4j\opentest4j\1.1.1\opentest4j-1.1.1.jar;C:\Users\Zach\.m2\repository\org\junit\platform\junit-platform-commons\1.4.0\junit-platform-commons-1.4.0.jar;C:\Users\Zach\.m2\repository\org\junit\jupiter\junit-jupiter-engine\5.4.0\junit-jupiter-engine-5.4.0.jar;C:\Users\Zach\.m2\repository\org\junit\platform\junit-platform-engine\1.4.0\junit-platform-engine-1.4.0.jar;C:\Users\Zach\.m2\repository\net\java\jinput\jinput\2.0.9\jinput-2.0.9.jar;C:\Users\Zach\.m2\repository\net\java\jinput\jinput\2.0.9\jinput-2.0.9-natives-all.jar;"/>
    <property name="sun.cpu.endian" value="little"/>
    <property name="user.home" value="C:\Users\Zach"/>
    <property name="user.language" value="en"/>
    <property name="java.specification.vendor" value="Oracle Corporation"/>
    <property name="java.home" value="C:\Program Files\Java\jdk1.8.0_181\jre"/>
    <property name="basedir" value="C:\Users\Zach\Documents\GameDev\ZJE"/>
    <property name="file.separator" value="\"/>
    <property name="line.separator" value="&#10;"/>
    <property name="java.vm.specification.vendor" value="Oracle Corporation"/>
    <property name="java.specification.name" value="Java Platform API Specification"/>
    <property name="java.awt.graphicsenv" value="sun.awt.Win32GraphicsEnvironment"/>
    <property name="surefire.real.class.path" value="C:\Users\Zach\AppData\Local\Temp\surefire5742962961026899053\surefirebooter7358267946493447148.jar"/>
    <property name="sun.boot.class.path" value="C:\Program Files\Java\jdk1.8.0_181\jre\lib\resources.jar;C:\Program Files\Java\jdk1.8.0_181\jre\lib\rt.jar;C:\Program Files\Java\jdk1.8.0_181\jre\lib\sunrsasign.jar;C:\Program Files\Java\jdk1.8.0_181\jre\lib\jsse.jar;C:\Program Files\Java\jdk1.8.0_181\jre\lib\jce.jar;C:\Program Files\Java\jdk1.8.0_181\jre\lib\charsets.jar;C:\Program Files\Java\jdk1.8.0_181\jre\lib\jfr.jar;C:\Program Files\Java\jdk1.8.0_181\jre\classes"/>
    <property name="user.script" value=""/>
    <property name="sun.management.compiler" value="HotSpot 64-Bit Tiered Compilers"/>
    <property name="java.runtime.version" value="1.8.0_181-b13"/>
    <property name="user.name" value="Zach"/>
    <property name="path.separator" value=";"/>
    <property name="os.version" value="10.0"/>
    <property name="java.endorsed.dirs" value="C:\Program Files\Java\jdk1.8.0_181\jre\lib\endorsed"/>
    <property name="java.runtime.name" value="Java(TM) SE Runtime Environment"/>
    <property name="file.encoding" value="Cp1252"/>
    <property name="java.vm.name" value="Java HotSpot(TM) 64-Bit Server VM"/>
    <property name="localRepository" value="C:\Users\Zach\.m2\repository"/>
    <property name="java.vendor.url.bug" value="http://bugreport.sun.com/bugreport/"/>
    <property name="java.io.tmpdir" value="C:\Users\Zach\AppData\Local\Temp\"/>
    <property name="java.version" value="1.8.0_181"/>
    <property name="user.dir" value="C:\Users\Zach\Documents\GameDev\ZJE"/>
    <property name="os.arch" value="amd64"/>
    <property name="java.vm.specification.name" value="Java Virtual Machine Specification"/>
    <property name="java.awt.printerjob" value="sun.awt.windows.WPrinterJob"/>
    <property name="sun.os.patch.level" value=""/>
    <property name="java.library.path" value="C:\Program Files\Java\jdk1.8.0_181\jre\bin;C:\WINDOWS\Sun\Java\bin;C:\WINDOWS\system32;C:\WINDOWS;C:/Program Files/Java/jre1.8.0_181/bin/server;C:/Program Files/Java/jre1.8.0_181/bin;C:/Program Files/Java/jre1.8.0_181/lib/amd64;C:\Program Files (x86)\Common Files\Oracle\Java\javapath;C:\Program Files (x86)\Intel\iCLS Client\;C:\Program Files\Intel\iCLS Client\;C:\Windows\system32;C:\Windows;C:\Windows\System32\Wbem;C:\Windows\System32\WindowsPowerShell\v1.0\;C:\Program Files (x86)\Intel\Intel(R) Management Engine Components\DAL;C:\Program Files\Intel\Intel(R) Management Engine Components\DAL;C:\Program Files (x86)\Intel\Intel(R) Management Engine Components\IPT;C:\Program Files\Intel\Intel(R) Management Engine Components\IPT;C:\Program Files (x86)\NVIDIA Corporation\PhysX\Common;C:\WINDOWS\system32;C:\WINDOWS;C:\WINDOWS\System32\Wbem;C:\WINDOWS\System32\WindowsPowerShell\v1.0\;C:\WINDOWS\System32\OpenSSH\;C:\Program Files\TortoiseGit\bin;C:\MinGW\bin;C:\Program Files\JetBrains\CLion 2018.2.4\bin\cmake\win\bin;C:\Program Files\Intel\WiFi\bin\;C:\Program Files\Common Files\Intel\WirelessCommon\;C:\Program Files\NVIDIA Corporation\NVIDIA NvDLISR;C:\Program Files\Java\jdk1.8.0_181\bin;C:\WINDOWS\Microsoft.NET\Framework\v4.0.30319;%SystemRoot%\system32;%SystemRoot%;%SystemRoot%\System32\Wbem;%SYSTEMROOT%\System32\WindowsPowerShell\v1.0\;%SYSTEMROOT%\System32\OpenSSH\;C:\Users\Zach\AppData\Local\Microsoft\WindowsApps;;C:\Software\eclipse\photon\eclipse;;."/>
    <property name="java.vm.info" value="mixed mode"/>
    <property name="java.vendor" value="Oracle Corporation"/>
    <property name="java.vm.version" value="25.181-b13"/>
    <property name="java.ext.dirs" value="C:\Program Files\Java\jdk1.8.0_181\jre\lib\ext;C:\WINDOWS\Sun\Java\lib\ext"/>
    <property name="sun.io.unicode.encoding" value="UnicodeLittle"/>
    <property name="java.class.version" value="52.0"/>
  </properties>
  <testcase name="isOverlapping_twoMoreMoreKindaRandomPerpendicularLines_false" classname="com.zalinius.physics.collisions.CollisionTest" time="0.011"/>
  <testcase name="isOverlapping_twoDistantPerpendicularSegments_false" classname="com.zalinius.physics.collisions.CollisionTest" time="0"/>
  <testcase name="isOverlapping_twoJustTouchingPerpendicularSegments_true" classname="com.zalinius.physics.collisions.CollisionTest" time="0.003"/>
  <testcase name="isOverlapping_twoFarAwaySquare_false" classname="com.zalinius.physics.collisions.CollisionTest" time="0.003"/>
  <testcase name="isOverlapping_adjacentSquares_true" classname="com.zalinius.physics.collisions.CollisionTest" time="0"/>
  <testcase name="isOverlapping_twoConcentricDifferentCircles_true" classname="com.zalinius.physics.collisions.CollisionTest" time="0"/>
  <testcase name="isOverlapping_twoFullyStackedVerticalParallelLines_true" classname="com.zalinius.physics.collisions.CollisionTest" time="0.001"/>
  <testcase name="isOverlapping_twoMoreKindaRandomPerpendicularLines_false" classname="com.zalinius.physics.collisions.CollisionTest" time="0.001"/>
  <testcase name="isOverlapping_twoCrossedPerpendicularSegments_true" classname="com.zalinius.physics.collisions.CollisionTest" time="0"/>
  <testcase name="isOverlapping_twoPartiallyOverlappingCircles_true" classname="com.zalinius.physics.collisions.CollisionTest" time="0"/>
  <testcase name="isOverlapping_verticallyCloseSquares_true" classname="com.zalinius.physics.collisions.CollisionTest" time="0"/>
  <testcase name="isOverlapping_twoCrossingLines_true" classname="com.zalinius.physics.collisions.CollisionTest" time="0.001"/>
  <testcase name="isOverlapping_twoSeparateHorizontalParallelLines_false" classname="com.zalinius.physics.collisions.CollisionTest" time="0"/>
  <testcase name="isOverlapping_twoFarAwayCircles_false" classname="com.zalinius.physics.collisions.CollisionTest" time="0"/>
  <testcase name="isOverlapping_twoFullyStackedDiagonalParallelLines_true" classname="com.zalinius.physics.collisions.CollisionTest" time="0"/>
  <testcase name="isOverlapping_twoKindaRandomPerpendicularLines_false" classname="com.zalinius.physics.collisions.CollisionTest" time="0"/>
  <testcase name="isOverlapping_horizontallyAlignedDistantSquares_false" classname="com.zalinius.physics.collisions.CollisionTest" time="0"/>
  <testcase name="isOverlapping_twoConcentricIdenticalCircles_true" classname="com.zalinius.physics.collisions.CollisionTest" time="0"/>
  <testcase name="isOverlapping_twoRectanglesAtACertainDistance_false" classname="com.zalinius.physics.collisions.CollisionTest" time="0.001"/>
  <testcase name="isOverlapping_twoFullyStackedHorizontalParallelLines_true" classname="com.zalinius.physics.collisions.CollisionTest" time="0"/>
  <testcase name="isOverlapping_twoDistantAlignedHorizontalParallelLines_false" classname="com.zalinius.physics.collisions.CollisionTest" time="0.001"/>
  <testcase name="isOverlapping_twoJustTouchingParallelVerticalSegments_true" classname="com.zalinius.physics.collisions.CollisionTest" time="0"/>
  <testcase name="isOverlapping_twoAdjacentCircles_true" classname="com.zalinius.physics.collisions.CollisionTest" time="0"/>
  <testcase name="isOverlapping_twoDistantAlignedVerticalParallelLines_false" classname="com.zalinius.physics.collisions.CollisionTest" time="0"/>
  <testcase name="isOverlapping_twoSeparateDiagonalParallelLines_false" classname="com.zalinius.physics.collisions.CollisionTest" time="0"/>
  <testcase name="isOverlapping_verticallyAlignedDistantSquares_false" classname="com.zalinius.physics.collisions.CollisionTest" time="0.001"/>
  <testcase name="isOverlapping_twoSeparateVerticalParallelLines_false" classname="com.zalinius.physics.collisions.CollisionTest" time="0"/>
  <testcase name="isOverlapping_twoJustTouchingParallelHorizontalSegments_true" classname="com.zalinius.physics.collisions.CollisionTest" time="0.001"/>
</testsuite>